Arguments: 
  /Users/durval/.nvm/versions/node/v12.18.4/bin/node /Users/durval/.npm-packages/bin/yarn

PATH: 
  /Users/durval/.nvm/versions/node/v12.18.4/bin:/Users/durval/.nvm/versions/node/v12.18.4/bin:/Users/durval/.nvm/versions/node/v12.18.4/bin:/Users/durval/.nvm/versions/node/v12.18.4/bin:/Users/durval/.nvm/versions/node/v10.22.0/bin:/usr/local/bin:/usr/bin:/bin:/usr/sbin:/sbin:/Library/Apple/usr/bin:/Users/durval/.nvm/versions/node/v10.22.0/bin:/Users/durval/flutter-sdk/bin:/Users/durval/.npm-packages/bin:/Users/durval/Library/Android/sdk/tools:/Users/durval/Library/Android/sdk/platform-tools:/Users/durval/flutter-sdk/bin:/Users/durval/.npm-packages/bin:/Users/durval/Library/Android/sdk/tools:/Users/durval/Library/Android/sdk/platform-tools

Yarn version: 
  1.22.4

Node version: 
  12.18.4

Platform: 
  darwin x64

Trace: 
  SyntaxError: /Users/durval/Workspace/desafio-fullstack/package.json: Unexpected token } in JSON at position 763
      at JSON.parse (<anonymous>)
      at /Users/durval/.npm-packages/lib/node_modules/yarn/lib/cli.js:1625:59
      at Generator.next (<anonymous>)
      at step (/Users/durval/.npm-packages/lib/node_modules/yarn/lib/cli.js:310:30)
      at /Users/durval/.npm-packages/lib/node_modules/yarn/lib/cli.js:321:13

npm manifest: 
  {
    "name": "desafio-fullstack",
    "version": "1.0.0",
    "description": "",
    "main": "index.js",
    "scripts": {
      "start": "nodemon src/index.ts",
      "dev": "nodemon src/index.ts",
      "build": "sucrase ./src -d ./dist --transforms typescript,imports",
      "test": "echo \"Error: no test specified\" && exit 1",
      "tsc": "tsc"
    },
    "keywords": [],
    "author": "",
    "license": "ISC",
    "dependencies": {
      "@types/express": "^4.17.8",
      
      "express": "^4.17.1"
      
    },
    "devDependencies": {
      "@types/node": "^14.11.2",
      "eslint": "^7.10.0",
      "nodemon": "^2.0.4",
      "sucrase": "^3.15.0",
      "ts-node": "^9.0.0",
      "typescript": "^4.0.3",
      "@typescript-eslint/eslint-plugin": "^4.3.0",
      "@typescript-eslint/parser": "^4.3.0",
    }
  }

yarn manifest: 
  No manifest

Lockfile: 
  # THIS IS AN AUTOGENERATED FILE. DO NOT EDIT THIS FILE DIRECTLY.
  # yarn lockfile v1
